# JRE version: OpenJDK Runtime Environment Temurin-21.0.6+7 (21.0.6+7) (build 21.0.6+7-LTS)
# Java VM: OpenJDK 64-Bit Server VM Temurin-21.0.6+7 (21.0.6+7-LTS, mixed mode, sharing, tiered, compressed oops, compressed class ptrs, g1 gc, windows-amd64)
GC Precious Log:
 CardTable entry size: 512
 Card Set container configuration: InlinePtr #cards 5 size 8 Array Of Cards #cards 12 size 40 Howl #buckets 4 coarsen threshold 1843 Howl Bitmap #cards 512 size 80 coarsen threshold 460 Card regions per heap region 1 cards per card region 2048
 CPUs: 12 total, 12 available
 Memory: 7876M
 Large Page Support: Disabled
 NUMA Support: Disabled
 Compressed Oops: Enabled (32-bit)
 Heap Region Size: 1M
 Heap Min Capacity: 8M
 Heap Initial Capacity: 124M
 Heap Max Capacity: 1970M
 Pre-touch: Disabled
 Parallel Workers: 10
 Concurrent Workers: 3
 Concurrent Refinement Workers: 10
 Periodic GC: Disabled
Heap:
 garbage-first heap   total 129024K, used 113988K [0x0000000084e00000, 0x0000000100000000)
  region size 1024K, 27 young (27648K), 2 survivors (2048K)
 Metaspace       used 19590K, committed 19968K, reserved 1114112K
  class space    used 2215K, committed 2368K, reserved 1048576K
GC Heap History (8 events):
Event: 0.451 GC heap before
{Heap before GC invocations=0 (full 0):
 garbage-first heap   total 126976K, used 16384K [0x0000000084e00000, 0x0000000100000000)
  region size 1024K, 13 young (13312K), 0 survivors (0K)
 Metaspace       used 7739K, committed 7936K, reserved 1114112K
  class space    used 797K, committed 896K, reserved 1048576K
}
Event: 0.458 GC heap after
{Heap after GC invocations=1 (full 0):
 garbage-first heap   total 126976K, used 8899K [0x0000000084e00000, 0x0000000100000000)
  region size 1024K, 3 young (3072K), 3 survivors (3072K)
 Metaspace       used 7739K, committed 7936K, reserved 1114112K
  class space    used 797K, committed 896K, reserved 1048576K
}
Event: 0.597 GC heap before
{Heap before GC invocations=1 (full 0):
 garbage-first heap   total 126976K, used 93891K [0x0000000084e00000, 0x0000000100000000)
  region size 1024K, 25 young (25600K), 3 survivors (3072K)
 Metaspace       used 7742K, committed 7936K, reserved 1114112K
  class space    used 797K, committed 896K, reserved 1048576K
}
Event: 0.600 GC heap after
{Heap after GC invocations=2 (full 0):
 garbage-first heap   total 126976K, used 72283K [0x0000000084e00000, 0x0000000100000000)
  region size 1024K, 1 young (1024K), 1 survivors (1024K)
 Metaspace       used 7742K, committed 7936K, reserved 1114112K
  class space    used 797K, committed 896K, reserved 1048576K
}
Event: 0.658 GC heap before
{Heap before GC invocations=2 (full 0):
 garbage-first heap   total 126976K, used 113243K [0x0000000084e00000, 0x0000000100000000)
  region size 1024K, 42 young (43008K), 1 survivors (1024K)
 Metaspace       used 7742K, committed 7936K, reserved 1114112K
  class space    used 797K, committed 896K, reserved 1048576K
}
Event: 0.659 GC heap after
{Heap after GC invocations=3 (full 0):
 garbage-first heap   total 126976K, used 72243K [0x0000000084e00000, 0x0000000100000000)
  region size 1024K, 1 young (1024K), 1 survivors (1024K)
 Metaspace       used 7742K, committed 7936K, reserved 1114112K
  class space    used 797K, committed 896K, reserved 1048576K
}
Event: 364.306 GC heap before
{Heap before GC invocations=4 (full 0):
 garbage-first heap   total 126976K, used 125491K [0x0000000084e00000, 0x0000000100000000)
  region size 1024K, 38 young (38912K), 1 survivors (1024K)
 Metaspace       used 17866K, committed 18176K, reserved 1114112K
  class space    used 1986K, committed 2112K, reserved 1048576K
}
Event: 364.313 GC heap after
{Heap after GC invocations=5 (full 0):
 garbage-first heap   total 129024K, used 89412K [0x0000000084e00000, 0x0000000100000000)
  region size 1024K, 2 young (2048K), 2 survivors (2048K)
 Metaspace       used 17866K, committed 18176K, reserved 1114112K
  class space    used 1986K, committed 2112K, reserved 1048576K
}

